<?xml version="1.0" encoding="UTF-8"?>
<!-- Generated by org.testng.reporters.JUnitReportReporter -->
<testsuite hostname="DESKTOP-N8AJ9II" failures="0" tests="4" name="main.java.testngclasses.TNG_Extent" time="9.510" errors="0" timestamp="2020-06-13T17:37:22 EDT" skipped="0">
  <testcase classname="main.java.testngclasses.TNG_Extent" name="eventsTest" time="5.609"/>
  <system-out>
onTestStart=eventsTest onTestStart=eventsTest before Invocation:main.java.testngclasses.TNG_Extent==>eventsTest after Invocation:main.java.testngclasses.TNG_Extent==>eventsTest==>true onTestSuccess=eventsTest onTestSuccess=eventsTest  </system-out>
  <testcase classname="main.java.testngclasses.TNG_Extent" name="insideValidations" time="0.502"/>
  <system-out>
onTestStart=insideValidations before Invocation:main.java.testngclasses.TNG_Extent==>insideValidations after Invocation:main.java.testngclasses.TNG_Extent==>insideValidations==>true onTestSuccess=insideValidations  </system-out>
  <testcase classname="main.java.testngclasses.TNG_Extent" name="insideValidations" time="0.898"/>
  <system-out>
onTestStart=insideValidations onTestStart=insideValidations before Invocation:main.java.testngclasses.TNG_Extent==>insideValidations after Invocation:main.java.testngclasses.TNG_Extent==>insideValidations==>true onTestSuccess=insideValidations onTestSuccess=insideValidations  </system-out>
  <testcase classname="main.java.testngclasses.TNG_Extent" name="eventsTest" time="2.501"/>
  <system-out>
onTestStart=eventsTest before Invocation:main.java.testngclasses.TNG_Extent==>eventsTest after Invocation:main.java.testngclasses.TNG_Extent==>eventsTest==>true onTestSuccess=eventsTest  </system-out>
</testsuite> <!-- main.java.testngclasses.TNG_Extent -->
